<?xml version="1.0" encoding="UTF-8"?>
<!-- Generated by org.testng.reporters.JUnitXMLReporter -->
<testsuite hostname="AlexComp" ignored="0" name="Default test" tests="3" failures="0" timestamp="2019-11-23T19:24:21 EET" time="9.678" errors="0">
  <testcase name="CreateBookTest" time="2.419" classname="BigSelenium.test.BigHomeTaskTest"/>
  <testcase name="FindTheBook" time="1.78" classname="BigSelenium.test.BigHomeTaskTest"/>
  <testcase name="RemoveTheBook" time="3.377" classname="BigSelenium.test.BigHomeTaskTest"/>
</testsuite> <!-- Default test -->
